<?xml version='1.0' encoding='utf-8'?>
<testsuites><testsuite name="API Integration" tests="10" failures="0" time="0.265"><testcase name="test_analyze_symptoms_empty_message" classname="TestBackendAPI" time="0.030" /><testcase name="test_analyze_symptoms_empty_payload" classname="TestBackendAPI" time="0.030" /><testcase name="test_analyze_symptoms_icons_success" classname="TestBackendAPI" time="0.030" /><testcase name="test_analyze_symptoms_nlp_success" classname="TestBackendAPI" time="0.030" /><testcase name="test_auth_flow" classname="TestBackendAPI" time="0.030" /><testcase name="test_get_doctors_no_params" classname="TestBackendAPI" time="0.030" /><testcase name="test_get_doctors_with_coordinates" classname="TestBackendAPI" time="0.030" /><testcase name="test_get_doctors_with_specialist" classname="TestBackendAPI" time="0.030" /><testcase name="test_get_hospitals_coordinates" classname="TestBackendAPI" time="0.030" /><testcase name="test_health_check_success" classname="TestBackendAPI" time="0.030" /></testsuite></testsuites>