<?xml version='1.0' encoding='utf-8'?>
<testsuites><testsuite name="Vulnerability Testing" tests="6" failures="0" time="0.144"><testcase name="test_duplicate_registration" classname="TestVulnerabilityAPI" time="0.025" /><testcase name="test_invalid_http_method" classname="TestVulnerabilityAPI" time="0.025" /><testcase name="test_nonexistent_endpoint" classname="TestVulnerabilityAPI" time="0.025" /><testcase name="test_sqli_doctor_search" classname="TestVulnerabilityAPI" time="0.025" /><testcase name="test_sqli_login" classname="TestVulnerabilityAPI" time="0.025" /><testcase name="test_xss_symptoms_analyze" classname="TestVulnerabilityAPI" time="0.025" /></testsuite></testsuites>